<?xml version="1.0" encoding="UTF-8"?>
<!-- Generated by org.testng.reporters.JUnitXMLReporter -->
<testsuite ignored="0" hostname="Vikul-LAPTOP" failures="0" tests="6" name="Submit Order Test" time="25.909" errors="0" timestamp="2023-05-07T19:25:04 IST">
  <testcase classname="com.vikul.com.testautomation.PageObjectModel.SubmitOrderTest" name="submitOrder" time="4.658"/>
  <testcase classname="com.vikul.com.testautomation.PageObjectModel.SubmitOrderTest" name="submitOrder" time="4.581"/>
  <testcase classname="com.vikul.com.testautomation.PageObjectModel.SubmitOrderTest" name="submitOrder" time="4.612"/>
  <testcase classname="com.vikul.com.testautomation.PageObjectModel.SubmitOrderTest" name="checkOrderHistory" time="0.454"/>
  <testcase classname="com.vikul.com.testautomation.PageObjectModel.SubmitOrderTest" name="checkOrderHistory" time="0.455"/>
  <testcase classname="com.vikul.com.testautomation.PageObjectModel.SubmitOrderTest" name="checkOrderHistory" time="0.45"/>
</testsuite> <!-- Submit Order Test -->
