<?xml version="1.0" encoding="UTF-8"?>
<!-- Generated by org.testng.reporters.JUnitXMLReporter -->
<testsuite ignored="0" hostname="Vikul-LAPTOP" failures="0" tests="6" name="Submit Order Test" time="37.175" errors="0" timestamp="2023-05-17T00:50:44 IST">
  <testcase classname="com.vikul.com.testautomation.PageObjectModel.SubmitOrderTest" name="submitOrder" time="7.373"/>
  <testcase classname="com.vikul.com.testautomation.PageObjectModel.SubmitOrderTest" name="submitOrder" time="7.287"/>
  <testcase classname="com.vikul.com.testautomation.PageObjectModel.SubmitOrderTest" name="submitOrder" time="7.295"/>
  <testcase classname="com.vikul.com.testautomation.PageObjectModel.SubmitOrderTest" name="checkOrderHistory" time="0.518"/>
  <testcase classname="com.vikul.com.testautomation.PageObjectModel.SubmitOrderTest" name="checkOrderHistory" time="0.539"/>
  <testcase classname="com.vikul.com.testautomation.PageObjectModel.SubmitOrderTest" name="checkOrderHistory" time="0.525"/>
</testsuite> <!-- Submit Order Test -->
