<?xml version="1.0" encoding="UTF-8"?>
<testng-results ignored="0" total="7" passed="7" failed="0" skipped="0">
  <reporter-output>
  </reporter-output>
  <suite started-at="2023-05-17T00:50:06 IST" name="Suite" finished-at="2023-05-17T00:50:46 IST" duration-ms="39557">
    <groups>
    </groups>
    <test started-at="2023-05-17T00:50:06 IST" name="Submit Order Test" finished-at="2023-05-17T00:50:44 IST" duration-ms="37175">
      <class name="com.vikul.com.testautomation.PageObjectModel.SubmitOrderTest">
        <test-method is-config="true" signature="launchApplication()[pri:0, instance:com.vikul.com.testautomation.PageObjectModel.SubmitOrderTest@7a6d7e92]" started-at="2023-05-17T00:50:07 IST" name="launchApplication" finished-at="2023-05-17T00:50:10 IST" duration-ms="3308" status="PASS">
          <reporter-output>
          </reporter-output>
        </test-method> <!-- launchApplication -->
        <test-method signature="submitOrder(java.util.HashMap)[pri:0, instance:com.vikul.com.testautomation.PageObjectModel.SubmitOrderTest@7a6d7e92]" started-at="2023-05-17T00:50:10 IST" name="submitOrder" data-provider="getData" finished-at="2023-05-17T00:50:17 IST" duration-ms="7373" status="PASS">
          <params>
            <param index="0">
              <value>
                <![CDATA[{password=P@ssword1, productName=iphone 13 pro, username=boratest@gmail.com}]]>
              </value>
            </param>
          </params>
          <reporter-output>
          </reporter-output>
        </test-method> <!-- submitOrder -->
        <test-method is-config="true" signature="tearDown()[pri:0, instance:com.vikul.com.testautomation.PageObjectModel.SubmitOrderTest@7a6d7e92]" started-at="2023-05-17T00:50:17 IST" name="tearDown" finished-at="2023-05-17T00:50:18 IST" duration-ms="226" status="PASS">
          <reporter-output>
          </reporter-output>
        </test-method> <!-- tearDown -->
        <test-method is-config="true" signature="launchApplication()[pri:0, instance:com.vikul.com.testautomation.PageObjectModel.SubmitOrderTest@7a6d7e92]" started-at="2023-05-17T00:50:18 IST" name="launchApplication" finished-at="2023-05-17T00:50:19 IST" duration-ms="1453" status="PASS">
          <reporter-output>
          </reporter-output>
        </test-method> <!-- launchApplication -->
        <test-method signature="submitOrder(java.util.HashMap)[pri:0, instance:com.vikul.com.testautomation.PageObjectModel.SubmitOrderTest@7a6d7e92]" started-at="2023-05-17T00:50:19 IST" name="submitOrder" data-provider="getData" finished-at="2023-05-17T00:50:26 IST" duration-ms="7287" status="PASS">
          <params>
            <param index="0">
              <value>
                <![CDATA[{password=P@ssword1, productName=ZARA COAT 3, username=boratest@gmail.com}]]>
              </value>
            </param>
          </params>
          <reporter-output>
          </reporter-output>
        </test-method> <!-- submitOrder -->
        <test-method is-config="true" signature="tearDown()[pri:0, instance:com.vikul.com.testautomation.PageObjectModel.SubmitOrderTest@7a6d7e92]" started-at="2023-05-17T00:50:26 IST" name="tearDown" finished-at="2023-05-17T00:50:26 IST" duration-ms="165" status="PASS">
          <reporter-output>
          </reporter-output>
        </test-method> <!-- tearDown -->
        <test-method is-config="true" signature="launchApplication()[pri:0, instance:com.vikul.com.testautomation.PageObjectModel.SubmitOrderTest@7a6d7e92]" started-at="2023-05-17T00:50:26 IST" name="launchApplication" finished-at="2023-05-17T00:50:29 IST" duration-ms="2683" status="PASS">
          <reporter-output>
          </reporter-output>
        </test-method> <!-- launchApplication -->
        <test-method signature="submitOrder(java.util.HashMap)[pri:0, instance:com.vikul.com.testautomation.PageObjectModel.SubmitOrderTest@7a6d7e92]" started-at="2023-05-17T00:50:29 IST" name="submitOrder" data-provider="getData" finished-at="2023-05-17T00:50:36 IST" duration-ms="7295" status="PASS">
          <params>
            <param index="0">
              <value>
                <![CDATA[{password=P@ssword1, productName=ADIDAS ORIGINAL, username=boratest@gmail.com}]]>
              </value>
            </param>
          </params>
          <reporter-output>
          </reporter-output>
        </test-method> <!-- submitOrder -->
        <test-method is-config="true" signature="tearDown()[pri:0, instance:com.vikul.com.testautomation.PageObjectModel.SubmitOrderTest@7a6d7e92]" started-at="2023-05-17T00:50:36 IST" name="tearDown" finished-at="2023-05-17T00:50:37 IST" duration-ms="170" status="PASS">
          <reporter-output>
          </reporter-output>
        </test-method> <!-- tearDown -->
        <test-method is-config="true" signature="launchApplication()[pri:0, instance:com.vikul.com.testautomation.PageObjectModel.SubmitOrderTest@7a6d7e92]" started-at="2023-05-17T00:50:37 IST" name="launchApplication" finished-at="2023-05-17T00:50:38 IST" duration-ms="1338" status="PASS">
          <reporter-output>
          </reporter-output>
        </test-method> <!-- launchApplication -->
        <test-method signature="checkOrderHistory(java.util.HashMap)[pri:0, instance:com.vikul.com.testautomation.PageObjectModel.SubmitOrderTest@7a6d7e92]" started-at="2023-05-17T00:50:38 IST" name="checkOrderHistory" data-provider="getData" finished-at="2023-05-17T00:50:38 IST" depends-on-methods="com.vikul.com.testautomation.PageObjectModel.SubmitOrderTest.submitOrder" duration-ms="518" status="PASS">
          <params>
            <param index="0">
              <value>
                <![CDATA[{password=P@ssword1, productName=iphone 13 pro, username=boratest@gmail.com}]]>
              </value>
            </param>
          </params>
          <reporter-output>
          </reporter-output>
        </test-method> <!-- checkOrderHistory -->
        <test-method is-config="true" signature="tearDown()[pri:0, instance:com.vikul.com.testautomation.PageObjectModel.SubmitOrderTest@7a6d7e92]" started-at="2023-05-17T00:50:38 IST" name="tearDown" finished-at="2023-05-17T00:50:39 IST" duration-ms="183" status="PASS">
          <reporter-output>
          </reporter-output>
        </test-method> <!-- tearDown -->
        <test-method is-config="true" signature="launchApplication()[pri:0, instance:com.vikul.com.testautomation.PageObjectModel.SubmitOrderTest@7a6d7e92]" started-at="2023-05-17T00:50:39 IST" name="launchApplication" finished-at="2023-05-17T00:50:40 IST" duration-ms="1401" status="PASS">
          <reporter-output>
          </reporter-output>
        </test-method> <!-- launchApplication -->
        <test-method signature="checkOrderHistory(java.util.HashMap)[pri:0, instance:com.vikul.com.testautomation.PageObjectModel.SubmitOrderTest@7a6d7e92]" started-at="2023-05-17T00:50:40 IST" name="checkOrderHistory" data-provider="getData" finished-at="2023-05-17T00:50:41 IST" depends-on-methods="com.vikul.com.testautomation.PageObjectModel.SubmitOrderTest.submitOrder" duration-ms="539" status="PASS">
          <params>
            <param index="0">
              <value>
                <![CDATA[{password=P@ssword1, productName=ZARA COAT 3, username=boratest@gmail.com}]]>
              </value>
            </param>
          </params>
          <reporter-output>
          </reporter-output>
        </test-method> <!-- checkOrderHistory -->
        <test-method is-config="true" signature="tearDown()[pri:0, instance:com.vikul.com.testautomation.PageObjectModel.SubmitOrderTest@7a6d7e92]" started-at="2023-05-17T00:50:41 IST" name="tearDown" finished-at="2023-05-17T00:50:41 IST" duration-ms="145" status="PASS">
          <reporter-output>
          </reporter-output>
        </test-method> <!-- tearDown -->
        <test-method is-config="true" signature="launchApplication()[pri:0, instance:com.vikul.com.testautomation.PageObjectModel.SubmitOrderTest@7a6d7e92]" started-at="2023-05-17T00:50:41 IST" name="launchApplication" finished-at="2023-05-17T00:50:43 IST" duration-ms="2203" status="PASS">
          <reporter-output>
          </reporter-output>
        </test-method> <!-- launchApplication -->
        <test-method signature="checkOrderHistory(java.util.HashMap)[pri:0, instance:com.vikul.com.testautomation.PageObjectModel.SubmitOrderTest@7a6d7e92]" started-at="2023-05-17T00:50:43 IST" name="checkOrderHistory" data-provider="getData" finished-at="2023-05-17T00:50:43 IST" depends-on-methods="com.vikul.com.testautomation.PageObjectModel.SubmitOrderTest.submitOrder" duration-ms="525" status="PASS">
          <params>
            <param index="0">
              <value>
                <![CDATA[{password=P@ssword1, productName=ADIDAS ORIGINAL, username=boratest@gmail.com}]]>
              </value>
            </param>
          </params>
          <reporter-output>
          </reporter-output>
        </test-method> <!-- checkOrderHistory -->
        <test-method is-config="true" signature="tearDown()[pri:0, instance:com.vikul.com.testautomation.PageObjectModel.SubmitOrderTest@7a6d7e92]" started-at="2023-05-17T00:50:43 IST" name="tearDown" finished-at="2023-05-17T00:50:44 IST" duration-ms="165" status="PASS">
          <reporter-output>
          </reporter-output>
        </test-method> <!-- tearDown -->
      </class> <!-- com.vikul.com.testautomation.PageObjectModel.SubmitOrderTest -->
    </test> <!-- Submit Order Test -->
    <test started-at="2023-05-17T00:50:44 IST" name="Error Validation Test" finished-at="2023-05-17T00:50:46 IST" duration-ms="1901">
      <class name="com.vikul.com.testautomation.PageObjectModel.ErrorValidationTest">
        <test-method is-config="true" signature="launchApplication()[pri:0, instance:com.vikul.com.testautomation.PageObjectModel.ErrorValidationTest@7098b907]" started-at="2023-05-17T00:50:44 IST" name="launchApplication" finished-at="2023-05-17T00:50:45 IST" duration-ms="1338" status="PASS">
          <reporter-output>
          </reporter-output>
        </test-method> <!-- launchApplication -->
        <test-method signature="incorrectLoginValidation()[pri:0, instance:com.vikul.com.testautomation.PageObjectModel.ErrorValidationTest@7098b907]" started-at="2023-05-17T00:50:45 IST" name="incorrectLoginValidation" finished-at="2023-05-17T00:50:46 IST" duration-ms="404" status="PASS">
          <reporter-output>
          </reporter-output>
        </test-method> <!-- incorrectLoginValidation -->
        <test-method is-config="true" signature="tearDown()[pri:0, instance:com.vikul.com.testautomation.PageObjectModel.ErrorValidationTest@7098b907]" started-at="2023-05-17T00:50:46 IST" name="tearDown" finished-at="2023-05-17T00:50:46 IST" duration-ms="158" status="PASS">
          <reporter-output>
          </reporter-output>
        </test-method> <!-- tearDown -->
      </class> <!-- com.vikul.com.testautomation.PageObjectModel.ErrorValidationTest -->
    </test> <!-- Error Validation Test -->
  </suite> <!-- Suite -->
</testng-results>
